#
# There is insufficient memory for the Java Runtime Environment to continue.
# Native memory allocation (malloc) failed to allocate 126696 bytes. Error detail: Chunk::new
# Possible reasons:
#   The system is out of physical RAM or swap space
#   This process is running with CompressedOops enabled, and the Java Heap may be blocking the growth of the native heap
# Possible solutions:
#   Reduce memory load on the system
#   Increase physical memory or swap space
#   Check if swap backing store is full
#   Decrease Java heap size (-Xmx/-Xms)
#   Decrease number of Java threads
#   Decrease Java thread stack sizes (-Xss)
#   Set larger code cache with -XX:ReservedCodeCacheSize=
#   JVM is running with Zero Based Compressed Oops mode in which the Java heap is
#     placed in the first 32GB address space. The Java Heap base address is the
#     maximum limit for the native heap growth. Please use -XX:HeapBaseMinAddress
#     to set the Java Heap base and to place the Java Heap above 32GB virtual address.
# This output file may be truncated or incomplete.
#
#  Out of Memory Error (arena.cpp:186), pid=20824, tid=24816
#
# JRE version: Java(TM) SE Runtime Environment (25.0.1+8) (build 25.0.1+8-LTS-27)
# Java VM: Java HotSpot(TM) 64-Bit Server VM (25.0.1+8-LTS-27, mixed mode, sharing, tiered, compressed oops, compressed class ptrs, g1 gc, windows-amd64)
# No core dump will be written. Minidumps are not enabled by default on client versions of Windows
#

---------------  S U M M A R Y ------------

Command Line: -Dfile.encoding=UTF-8 --module-path=C:\Users\ASJAD\OneDrive - National University of Sciences & Technology (1)\Documents\NetBeansProjects\AirSys\build\classes aerosys.gui.AeroSysLoginUI

Host: Intel(R) Core(TM) i7-8665U CPU @ 1.90GHz, 8 cores, 15G,  Windows 11 , 64 bit Build 26100 (10.0.26100.7019)
Time: Wed Mar 25 09:18:16 2026 Pakistan Standard Time elapsed time: 1567.083697 seconds (0d 0h 26m 7s)

---------------  T H R E A D  ---------------

Current thread (0x0000020ee54288d0):  JavaThread "C2 CompilerThread0" daemon [_thread_in_native, id=24816, stack(0x0000009e8e600000,0x0000009e8e700000) (1024K)]


Current CompileTask:
C2:1567083 3732       4       java.awt.MultipleGradientPaint::<init> (424 bytes)

Stack: [0x0000009e8e600000,0x0000009e8e700000]
Native frames: (J=compiled Java code, j=interpreted, Vv=VM code, C=native code)
V  [jvm.dll+0x7a6b59]  (no source info available)
V  [jvm.dll+0x77290d]  (no source info available)
V  [jvm.dll+0x966153]  (no source info available)
V  [jvm.dll+0x968751]  (no source info available)
V  [jvm.dll+0x968e53]  (no source info available)
V  [jvm.dll+0x2fc756]  (no source info available)
V  [jvm.dll+0x111b26]  (no source info available)
V  [jvm.dll+0x111e4e]  (no source info available)
V  [jvm.dll+0x45242d]  (no source info available)
V  [jvm.dll+0x421762]  (no source info available)
V  [jvm.dll+0x420b7a]  (no source info available)
V  [jvm.dll+0x2c08a9]  (no source info available)
V  [jvm.dll+0x2bfa8f]  (no source info available)
V  [jvm.dll+0x237b60]  (no source info available)
V  [jvm.dll+0x2cfb56]  (no source info available)
V  [jvm.dll+0x2cddd5]  (no source info available)
V  [jvm.dll+0x48e6d1]  (no source info available)
V  [jvm.dll+0x906a0d]  (no source info available)
V  [jvm.dll+0x7a5135]  (no source info available)
C  [ucrtbase.dll+0x37b0]  (no source info available)
C  [KERNEL32.DLL+0x2e8d7]  (no source info available)
C  [ntdll.dll+0x8c53c]  (no source info available)

Lock stack of current Java thread (top to bottom):


---------------  P R O C E S S  ---------------

Threads class SMR info:
_java_thread_list=0x0000020eeb2ebde0, length=16, elements={
0x0000020ee541e600, 0x0000020ee541f060, 0x0000020ee5422c00, 0x0000020ee5423840,
0x0000020ee5424cd0, 0x0000020ee5427140, 0x0000020ee54288d0, 0x0000020ee54385f0,
0x0000020ee55435b0, 0x0000020ee55d3880, 0x0000020ee58a83f0, 0x0000020ee56345b0,
0x0000020ee5634d70, 0x0000020eea024b50, 0x0000020ec3b60fe0, 0x0000020eea447eb0
}

Java Threads: ( => current thread )
  0x0000020ee541e600 JavaThread "Reference Handler"          daemon [_thread_blocked, id=13384, stack(0x0000009e8e000000,0x0000009e8e100000) (1024K)]
  0x0000020ee541f060 JavaThread "Finalizer"                  daemon [_thread_blocked, id=10484, stack(0x0000009e8e100000,0x0000009e8e200000) (1024K)]
  0x0000020ee5422c00 JavaThread "Signal Dispatcher"          daemon [_thread_blocked, id=26364, stack(0x0000009e8e200000,0x0000009e8e300000) (1024K)]
  0x0000020ee5423840 JavaThread "Attach Listener"            daemon [_thread_blocked, id=16296, stack(0x0000009e8e300000,0x0000009e8e400000) (1024K)]
  0x0000020ee5424cd0 JavaThread "Service Thread"             daemon [_thread_blocked, id=30116, stack(0x0000009e8e400000,0x0000009e8e500000) (1024K)]
  0x0000020ee5427140 JavaThread "Monitor Deflation Thread"   daemon [_thread_blocked, id=24004, stack(0x0000009e8e500000,0x0000009e8e600000) (1024K)]
=>0x0000020ee54288d0 JavaThread "C2 CompilerThread0"         daemon [_thread_in_native, id=24816, stack(0x0000009e8e600000,0x0000009e8e700000) (1024K)]
  0x0000020ee54385f0 JavaThread "C1 CompilerThread0"         daemon [_thread_blocked, id=23052, stack(0x0000009e8e700000,0x0000009e8e800000) (1024K)]
  0x0000020ee55435b0 JavaThread "Common-Cleaner"             daemon [_thread_blocked, id=10816, stack(0x0000009e8e800000,0x0000009e8e900000) (1024K)]
  0x0000020ee55d3880 JavaThread "Notification Thread"        daemon [_thread_blocked, id=12524, stack(0x0000009e8e900000,0x0000009e8ea00000) (1024K)]
  0x0000020ee58a83f0 JavaThread "Java2D Disposer"            daemon [_thread_blocked, id=26880, stack(0x0000009e8ea00000,0x0000009e8eb00000) (1024K)]
  0x0000020ee56345b0 JavaThread "AWT-Shutdown"                      [_thread_blocked, id=20592, stack(0x0000009e8eb00000,0x0000009e8ec00000) (1024K)]
  0x0000020ee5634d70 JavaThread "AWT-Windows"                daemon [_thread_in_native, id=21340, stack(0x0000009e8ec00000,0x0000009e8ed00000) (1024K)]
  0x0000020eea024b50 JavaThread "AWT-EventQueue-0"                  [_thread_in_Java, id=21080, stack(0x0000009e8ed00000,0x0000009e8ee00000) (1024K)]
  0x0000020ec3b60fe0 JavaThread "DestroyJavaVM"                     [_thread_blocked, id=23064, stack(0x0000009e8d800000,0x0000009e8d900000) (1024K)]
  0x0000020eea447eb0 JavaThread "TimerQueue"                 daemon [_thread_blocked, id=4968, stack(0x0000009e8ee00000,0x0000009e8ef00000) (1024K)]
Total: 16

Other Threads:
  0x0000020ee52d29d0 VMThread "VM Thread"                           [id=19252, stack(0x0000009e8df00000,0x0000009e8e000000) (1024K)]
  0x0000020ee53fac10 WatcherThread "VM Periodic Task Thread"        [id=31908, stack(0x0000009e8de00000,0x0000009e8df00000) (1024K)]
  0x0000020ec5fd4f10 WorkerThread "GC Thread#0"                     [id=32444, stack(0x0000009e8d900000,0x0000009e8da00000) (1024K)]
  0x0000020eeb6876d0 WorkerThread "GC Thread#1"                     [id=24216, stack(0x0000009e8ef00000,0x0000009e8f000000) (1024K)]
  0x0000020eeb685000 WorkerThread "GC Thread#2"                     [id=5020, stack(0x0000009e8f000000,0x0000009e8f100000) (1024K)]
  0x0000020eeb683a70 WorkerThread "GC Thread#3"                     [id=32556, stack(0x0000009e8f100000,0x0000009e8f200000) (1024K)]
  0x0000020eeb686140 WorkerThread "GC Thread#4"                     [id=32360, stack(0x0000009e8f200000,0x0000009e8f300000) (1024K)]
  0x0000020eeb687b20 WorkerThread "GC Thread#5"                     [id=30816, stack(0x0000009e8f600000,0x0000009e8f700000) (1024K)]
  0x0000020eeb687280 WorkerThread "GC Thread#6"                     [id=9412, stack(0x0000009e8f700000,0x0000009e8f800000) (1024K)]
  0x0000020eeb6869e0 WorkerThread "GC Thread#7"                     [id=15624, stack(0x0000009e8f800000,0x0000009e8f900000) (1024K)]
  0x0000020ec5fefad0 ConcurrentGCThread "G1 Main Marker"            [id=1052, stack(0x0000009e8da00000,0x0000009e8db00000) (1024K)]
  0x0000020ec5ff09f0 WorkerThread "G1 Conc#0"                       [id=30576, stack(0x0000009e8db00000,0x0000009e8dc00000) (1024K)]
  0x0000020ee52c3e10 ConcurrentGCThread "G1 Refine#0"               [id=22668, stack(0x0000009e8dc00000,0x0000009e8dd00000) (1024K)]
  0x0000020ee52c8630 ConcurrentGCThread "G1 Service"                [id=28260, stack(0x0000009e8dd00000,0x0000009e8de00000) (1024K)]
Total: 14

Threads with active compile tasks:
C2 CompilerThread0  1567180 3732       4       java.awt.MultipleGradientPaint::<init> (424 bytes)
Total: 1

VM state: not at safepoint (normal execution)

VM Mutex/Monitor currently owned by a thread: None

Heap address: 0x0000000703600000, size: 4042 MB, Compressed Oops mode: Zero based, Oop shift amount: 3

CDS archive(s) mapped at: [0x0000000091000000-0x0000000091dd0000-0x0000000091dd0000), size 14483456, SharedBaseAddress: 0x0000000091000000, ArchiveRelocationMode: 1.
Compressed class space mapped at: 0x0000000092000000-0x00000000d2000000, reserved size: 1073741824
UseCompressedClassPointers 1, UseCompactObjectHeaders 0
Narrow klass pointer bits 32, Max shift 3
Narrow klass base: 0x0000000091000000, Narrow klass shift: 0
Encoding Range: [0x0000000091000000 - 0x0000000191000000), (4294967296 bytes)
Klass Range:    [0x0000000091010000 - 0x00000000d2000000), (1090453504 bytes)
Klass ID Range:  [65536 - 1090519033) (1090453497)
Protection zone: [0x0000000091000000 - 0x0000000091010000), (65536 bytes)

GC Precious Log:
 CardTable entry size: 512
 Card Set container configuration: InlinePtr #cards 4 size 8 Array Of Cards #cards 16 size 48 Howl #buckets 8 coarsen threshold 3686 Howl Bitmap #cards 512 size 80 coarsen threshold 460 Card regions per heap region 1 cards per card region 4096
 CPUs: 8 total, 8 available
 Memory: 16165M
 Large Page Support: Disabled
 NUMA Support: Disabled
 Compressed Oops: Enabled (Zero based)
 Heap Region Size: 2M
 Heap Min Capacity: 8M
 Heap Initial Capacity: 254M
 Heap Max Capacity: 4042M
 Pre-touch: Disabled
 Parallel Workers: 8
 Concurrent Workers: 2
 Concurrent Refinement Workers: 8
 Periodic GC: Disabled

Heap:
 garbage-first heap   total reserved 4139008K, committed 262144K, used 104735K [0x0000000703600000, 0x0000000800000000)
  region size 2048K, 48 young (98304K), 3 survivors (6144K)

Heap Regions: E=young(eden), S=young(survivor), O=old, HS=humongous(starts), HC=humongous(continues), CS=collection set, F=free, TAMS=top-at-mark-start, PB=parsable bottom
|   0|0x0000000703600000, 0x0000000703800000, 0x0000000703800000|100%|HS|  |TAMS 0x0000000703600000| PB 0x0000000703600000| Complete |  0
|   1|0x0000000703800000, 0x0000000703a00000, 0x0000000703a00000|100%|HC|  |TAMS 0x0000000703800000| PB 0x0000000703800000| Complete |  0
|   2|0x0000000703a00000, 0x0000000703c00000, 0x0000000703c00000|100%|HC|  |TAMS 0x0000000703a00000| PB 0x0000000703a00000| Complete |  0
|   3|0x0000000703c00000, 0x0000000703e00000, 0x0000000703e00000|100%|HC|  |TAMS 0x0000000703c00000| PB 0x0000000703c00000| Complete |  0
|   4|0x0000000703e00000, 0x0000000703e00000, 0x0000000704000000|  0%| F|  |TAMS 0x0000000703e00000| PB 0x0000000703e00000| Untracked |  0
|   5|0x0000000704000000, 0x0000000704000000, 0x0000000704200000|  0%| F|  |TAMS 0x0000000704000000| PB 0x0000000704000000| Untracked |  0
|   6|0x0000000704200000, 0x0000000704200000, 0x0000000704400000|  0%| F|  |TAMS 0x0000000704200000| PB 0x0000000704200000| Untracked |  0
|   7|0x0000000704400000, 0x0000000704400000, 0x0000000704600000|  0%| F|  |TAMS 0x0000000704400000| PB 0x0000000704400000| Untracked |  0
|   8|0x0000000704600000, 0x0000000704600000, 0x0000000704800000|  0%| F|  |TAMS 0x0000000704600000| PB 0x0000000704600000| Untracked |  0
|   9|0x0000000704800000, 0x0000000704800000, 0x0000000704a00000|  0%| F|  |TAMS 0x0000000704800000| PB 0x0000000704800000| Untracked |  0
|  10|0x0000000704a00000, 0x0000000704a00000, 0x0000000704c00000|  0%| F|  |TAMS 0x0000000704a00000| PB 0x0000000704a00000| Untracked |  0
|  11|0x0000000704c00000, 0x0000000704c00000, 0x0000000704e00000|  0%| F|  |TAMS 0x0000000704c00000| PB 0x0000000704c00000| Untracked |  0
|  12|0x0000000704e00000, 0x0000000704e00000, 0x0000000705000000|  0%| F|  |TAMS 0x0000000704e00000| PB 0x0000000704e00000| Untracked |  0
|  13|0x0000000705000000, 0x0000000705000000, 0x0000000705200000|  0%| F|  |TAMS 0x0000000705000000| PB 0x0000000705000000| Untracked |  0
|  14|0x0000000705200000, 0x0000000705200000, 0x0000000705400000|  0%| F|  |TAMS 0x0000000705200000| PB 0x0000000705200000| Untracked |  0
|  15|0x0000000705400000, 0x0000000705400000, 0x0000000705600000|  0%| F|  |TAMS 0x0000000705400000| PB 0x0000000705400000| Untracked |  0
|  16|0x0000000705600000, 0x0000000705600000, 0x0000000705800000|  0%| F|  |TAMS 0x0000000705600000| PB 0x0000000705600000| Untracked |  0
|  17|0x0000000705800000, 0x0000000705800000, 0x0000000705a00000|  0%| F|  |TAMS 0x0000000705800000| PB 0x0000000705800000| Untracked |  0
|  18|0x0000000705a00000, 0x0000000705a00000, 0x0000000705c00000|  0%| F|  |TAMS 0x0000000705a00000| PB 0x0000000705a00000| Untracked |  0
|  19|0x0000000705c00000, 0x0000000705c00000, 0x0000000705e00000|  0%| F|  |TAMS 0x0000000705c00000| PB 0x0000000705c00000| Untracked |  0
|  20|0x0000000705e00000, 0x0000000705e00000, 0x0000000706000000|  0%| F|  |TAMS 0x0000000705e00000| PB 0x0000000705e00000| Untracked |  0
|  21|0x0000000706000000, 0x0000000706000000, 0x0000000706200000|  0%| F|  |TAMS 0x0000000706000000| PB 0x0000000706000000| Untracked |  0
|  22|0x0000000706200000, 0x0000000706200000, 0x0000000706400000|  0%| F|  |TAMS 0x0000000706200000| PB 0x0000000706200000| Untracked |  0
|  23|0x0000000706400000, 0x0000000706400000, 0x0000000706600000|  0%| F|  |TAMS 0x0000000706400000| PB 0x0000000706400000| Untracked |  0
|  24|0x0000000706600000, 0x0000000706600000, 0x0000000706800000|  0%| F|  |TAMS 0x0000000706600000| PB 0x0000000706600000| Untracked |  0
|  25|0x0000000706800000, 0x0000000706800000, 0x0000000706a00000|  0%| F|  |TAMS 0x0000000706800000| PB 0x0000000706800000| Untracked |  0
|  26|0x0000000706a00000, 0x0000000706a00000, 0x0000000706c00000|  0%| F|  |TAMS 0x0000000706a00000| PB 0x0000000706a00000| Untracked |  0
|  27|0x0000000706c00000, 0x0000000706c00000, 0x0000000706e00000|  0%| F|  |TAMS 0x0000000706c00000| PB 0x0000000706c00000| Untracked |  0
|  28|0x0000000706e00000, 0x0000000706e00000, 0x0000000707000000|  0%| F|  |TAMS 0x0000000706e00000| PB 0x0000000706e00000| Untracked |  0
|  29|0x0000000707000000, 0x0000000707000000, 0x0000000707200000|  0%| F|  |TAMS 0x0000000707000000| PB 0x0000000707000000| Untracked |  0
|  30|0x0000000707200000, 0x0000000707200000, 0x0000000707400000|  0%| F|  |TAMS 0x0000000707200000| PB 0x0000000707200000| Untracked |  0
|  31|0x0000000707400000, 0x0000000707400000, 0x0000000707600000|  0%| F|  |TAMS 0x0000000707400000| PB 0x0000000707400000| Untracked |  0
|  32|0x0000000707600000, 0x0000000707600000, 0x0000000707800000|  0%| F|  |TAMS 0x0000000707600000| PB 0x0000000707600000| Untracked |  0
|  33|0x0000000707800000, 0x0000000707800000, 0x0000000707a00000|  0%| F|  |TAMS 0x0000000707800000| PB 0x0000000707800000| Untracked |  0
|  34|0x0000000707a00000, 0x0000000707a00000, 0x0000000707c00000|  0%| F|  |TAMS 0x0000000707a00000| PB 0x0000000707a00000| Untracked |  0
|  35|0x0000000707c00000, 0x0000000707c00000, 0x0000000707e00000|  0%| F|  |TAMS 0x0000000707c00000| PB 0x0000000707c00000| Untracked |  0
|  36|0x0000000707e00000, 0x0000000707e00000, 0x0000000708000000|  0%| F|  |TAMS 0x0000000707e00000| PB 0x0000000707e00000| Untracked |  0
|  37|0x0000000708000000, 0x0000000708000000, 0x0000000708200000|  0%| F|  |TAMS 0x0000000708000000| PB 0x0000000708000000| Untracked |  0
|  38|0x0000000708200000, 0x0000000708200000, 0x0000000708400000|  0%| F|  |TAMS 0x0000000708200000| PB 0x0000000708200000| Untracked |  0
|  39|0x0000000708400000, 0x0000000708400000, 0x0000000708600000|  0%| F|  |TAMS 0x0000000708400000| PB 0x0000000708400000| Untracked |  0
|  40|0x0000000708600000, 0x0000000708600000, 0x0000000708800000|  0%| F|  |TAMS 0x0000000708600000| PB 0x0000000708600000| Untracked |  0
|  41|0x0000000708800000, 0x0000000708800000, 0x0000000708a00000|  0%| F|  |TAMS 0x0000000708800000| PB 0x0000000708800000| Untracked |  0
|  42|0x0000000708a00000, 0x0000000708a00000, 0x0000000708c00000|  0%| F|  |TAMS 0x0000000708a00000| PB 0x0000000708a00000| Untracked |  0
|  43|0x0000000708c00000, 0x0000000708c00000, 0x0000000708e00000|  0%| F|  |TAMS 0x0000000708c00000| PB 0x0000000708c00000| Untracked |  0
|  44|0x0000000708e00000, 0x0000000708e00000, 0x0000000709000000|  0%| F|  |TAMS 0x0000000708e00000| PB 0x0000000708e00000| Untracked |  0
|  45|0x0000000709000000, 0x0000000709000000, 0x0000000709200000|  0%| F|  |TAMS 0x0000000709000000| PB 0x0000000709000000| Untracked |  0
|  46|0x0000000709200000, 0x0000000709200000, 0x0000000709400000|  0%| F|  |TAMS 0x0000000709200000| PB 0x0000000709200000| Untracked |  0
|  47|0x0000000709400000, 0x0000000709400000, 0x0000000709600000|  0%| F|  |TAMS 0x0000000709400000| PB 0x0000000709400000| Untracked |  0
|  48|0x0000000709600000, 0x0000000709600000, 0x0000000709800000|  0%| F|  |TAMS 0x0000000709600000| PB 0x0000000709600000| Untracked |  0
|  49|0x0000000709800000, 0x0000000709800000, 0x0000000709a00000|  0%| F|  |TAMS 0x0000000709800000| PB 0x0000000709800000| Untracked |  0
|  50|0x0000000709a00000, 0x0000000709a00000, 0x0000000709c00000|  0%| F|  |TAMS 0x0000000709a00000| PB 0x0000000709a00000| Untracked |  0
|  51|0x0000000709c00000, 0x0000000709c00000, 0x0000000709e00000|  0%| F|  |TAMS 0x0000000709c00000| PB 0x0000000709c00000| Untracked |  0
|  52|0x0000000709e00000, 0x0000000709e00000, 0x000000070a000000|  0%| F|  |TAMS 0x0000000709e00000| PB 0x0000000709e00000| Untracked |  0
|  53|0x000000070a000000, 0x000000070a000000, 0x000000070a200000|  0%| F|  |TAMS 0x000000070a000000| PB 0x000000070a000000| Untracked |  0
|  54|0x000000070a200000, 0x000000070a200000, 0x000000070a400000|  0%| F|  |TAMS 0x000000070a200000| PB 0x000000070a200000| Untracked |  0
|  55|0x000000070a400000, 0x000000070a400000, 0x000000070a600000|  0%| F|  |TAMS 0x000000070a400000| PB 0x000000070a400000| Untracked |  0
|  56|0x000000070a600000, 0x000000070a600000, 0x000000070a800000|  0%| F|  |TAMS 0x000000070a600000| PB 0x000000070a600000| Untracked |  0
|  57|0x000000070a800000, 0x000000070a800000, 0x000000070aa00000|  0%| F|  |TAMS 0x000000070a800000| PB 0x000000070a800000| Untracked |  0
|  58|0x000000070aa00000, 0x000000070aa00000, 0x000000070ac00000|  0%| F|  |TAMS 0x000000070aa00000| PB 0x000000070aa00000| Untracked |  0
|  59|0x000000070ac00000, 0x000000070ac00000, 0x000000070ae00000|  0%| F|  |TAMS 0x000000070ac00000| PB 0x000000070ac00000| Untracked |  0
|  60|0x000000070ae00000, 0x000000070ae00000, 0x000000070b000000|  0%| F|  |TAMS 0x000000070ae00000| PB 0x000000070ae00000| Untracked |  0
|  61|0x000000070b000000, 0x000000070b000000, 0x000000070b200000|  0%| F|  |TAMS 0x000000070b000000| PB 0x000000070b000000| Untracked |  0
|  62|0x000000070b200000, 0x000000070b200000, 0x000000070b400000|  0%| F|  |TAMS 0x000000070b200000| PB 0x000000070b200000| Untracked |  0
|  63|0x000000070b400000, 0x000000070b400000, 0x000000070b600000|  0%| F|  |TAMS 0x000000070b400000| PB 0x000000070b400000| Untracked |  0
|  64|0x000000070b600000, 0x000000070b600000, 0x000000070b800000|  0%| F|  |TAMS 0x000000070b600000| PB 0x000000070b600000| Untracked |  0
|  65|0x000000070b800000, 0x000000070b800000, 0x000000070ba00000|  0%| F|  |TAMS 0x000000070b800000| PB 0x000000070b800000| Untracked |  0
|  66|0x000000070ba00000, 0x000000070ba00000, 0x000000070bc00000|  0%| F|  |TAMS 0x000000070ba00000| PB 0x000000070ba00000| Untracked |  0
|  67|0x000000070bc00000, 0x000000070bc00000, 0x000000070be00000|  0%| F|  |TAMS 0x000000070bc00000| PB 0x000000070bc00000| Untracked |  0
|  68|0x000000070be00000, 0x000000070be00000, 0x000000070c000000|  0%| F|  |TAMS 0x000000070be00000| PB 0x000000070be00000| Untracked |  0
|  69|0x000000070c000000, 0x000000070c000000, 0x000000070c200000|  0%| F|  |TAMS 0x000000070c000000| PB 0x000000070c000000| Untracked |  0
|  70|0x000000070c200000, 0x000000070c200000, 0x000000070c400000|  0%| F|  |TAMS 0x000000070c200000| PB 0x000000070c200000| Untracked |  0
|  71|0x000000070c400000, 0x000000070c400000, 0x000000070c600000|  0%| F|  |TAMS 0x000000070c400000| PB 0x000000070c400000| Untracked |  0
|  72|0x000000070c600000, 0x000000070c600000, 0x000000070c800000|  0%| F|  |TAMS 0x000000070c600000| PB 0x000000070c600000| Untracked |  0
|  73|0x000000070c800000, 0x000000070c800000, 0x000000070ca00000|  0%| F|  |TAMS 0x000000070c800000| PB 0x000000070c800000| Untracked |  0
|  74|0x000000070ca00000, 0x000000070ca00000, 0x000000070cc00000|  0%| F|  |TAMS 0x000000070ca00000| PB 0x000000070ca00000| Untracked |  0
|  75|0x000000070cc00000, 0x000000070cc00000, 0x000000070ce00000|  0%| F|  |TAMS 0x000000070cc00000| PB 0x000000070cc00000| Untracked |  0
|  76|0x000000070ce00000, 0x000000070ce00000, 0x000000070d000000|  0%| F|  |TAMS 0x000000070ce00000| PB 0x000000070ce00000| Untracked |  0
|  77|0x000000070d000000, 0x000000070d000000, 0x000000070d200000|  0%| F|  |TAMS 0x000000070d000000| PB 0x000000070d000000| Untracked |  0
|  78|0x000000070d200000, 0x000000070d200000, 0x000000070d400000|  0%| F|  |TAMS 0x000000070d200000| PB 0x000000070d200000| Untracked |  0
|  79|0x000000070d400000, 0x000000070d4c7480, 0x000000070d600000| 38%| E|  |TAMS 0x000000070d400000| PB 0x000000070d400000| Complete |  0
|  80|0x000000070d600000, 0x000000070d800000, 0x000000070d800000|100%| E|CS|TAMS 0x000000070d600000| PB 0x000000070d600000| Complete |  0
|  81|0x000000070d800000, 0x000000070da00000, 0x000000070da00000|100%| E|CS|TAMS 0x000000070d800000| PB 0x000000070d800000| Complete |  0
|  82|0x000000070da00000, 0x000000070dc00000, 0x000000070dc00000|100%| E|CS|TAMS 0x000000070da00000| PB 0x000000070da00000| Complete |  0
|  83|0x000000070dc00000, 0x000000070de00000, 0x000000070de00000|100%| E|CS|TAMS 0x000000070dc00000| PB 0x000000070dc00000| Complete |  0
|  84|0x000000070de00000, 0x000000070e000000, 0x000000070e000000|100%| E|CS|TAMS 0x000000070de00000| PB 0x000000070de00000| Complete |  0
|  85|0x000000070e000000, 0x000000070e200000, 0x000000070e200000|100%| E|CS|TAMS 0x000000070e000000| PB 0x000000070e000000| Complete |  0
|  86|0x000000070e200000, 0x000000070e400000, 0x000000070e400000|100%| E|CS|TAMS 0x000000070e200000| PB 0x000000070e200000| Complete |  0
|  87|0x000000070e400000, 0x000000070e600000, 0x000000070e600000|100%| E|CS|TAMS 0x000000070e400000| PB 0x000000070e400000| Complete |  0
|  88|0x000000070e600000, 0x000000070e800000, 0x000000070e800000|100%| E|CS|TAMS 0x000000070e600000| PB 0x000000070e600000| Complete |  0
|  89|0x000000070e800000, 0x000000070ea00000, 0x000000070ea00000|100%| E|CS|TAMS 0x000000070e800000| PB 0x000000070e800000| Complete |  0
|  90|0x000000070ea00000, 0x000000070ec00000, 0x000000070ec00000|100%| E|CS|TAMS 0x000000070ea00000| PB 0x000000070ea00000| Complete |  0
|  91|0x000000070ec00000, 0x000000070ee00000, 0x000000070ee00000|100%| E|CS|TAMS 0x000000070ec00000| PB 0x000000070ec00000| Complete |  0
|  92|0x000000070ee00000, 0x000000070f000000, 0x000000070f000000|100%| E|CS|TAMS 0x000000070ee00000| PB 0x000000070ee00000| Complete |  0
|  93|0x000000070f000000, 0x000000070f200000, 0x000000070f200000|100%| E|CS|TAMS 0x000000070f000000| PB 0x000000070f000000| Complete |  0
|  94|0x000000070f200000, 0x000000070f400000, 0x000000070f400000|100%| E|CS|TAMS 0x000000070f200000| PB 0x000000070f200000| Complete |  0
|  95|0x000000070f400000, 0x000000070f600000, 0x000000070f600000|100%| E|CS|TAMS 0x000000070f400000| PB 0x000000070f400000| Complete |  0
|  96|0x000000070f600000, 0x000000070f800000, 0x000000070f800000|100%| E|CS|TAMS 0x000000070f600000| PB 0x000000070f600000| Complete |  0
|  97|0x000000070f800000, 0x000000070fa00000, 0x000000070fa00000|100%| E|CS|TAMS 0x000000070f800000| PB 0x000000070f800000| Complete |  0
|  98|0x000000070fa00000, 0x000000070fc00000, 0x000000070fc00000|100%| E|CS|TAMS 0x000000070fa00000| PB 0x000000070fa00000| Complete |  0
|  99|0x000000070fc00000, 0x000000070fe00000, 0x000000070fe00000|100%| E|CS|TAMS 0x000000070fc00000| PB 0x000000070fc00000| Complete |  0
| 100|0x000000070fe00000, 0x000000070ff22580, 0x0000000710000000| 56%| S|CS|TAMS 0x000000070fe00000| PB 0x000000070fe00000| Complete |  0
| 101|0x0000000710000000, 0x0000000710200000, 0x0000000710200000|100%| S|CS|TAMS 0x0000000710000000| PB 0x0000000710000000| Complete |  0
| 102|0x0000000710200000, 0x0000000710400000, 0x0000000710400000|100%| S|CS|TAMS 0x0000000710200000| PB 0x0000000710200000| Complete |  0
| 103|0x0000000710400000, 0x0000000710600000, 0x0000000710600000|100%| E|CS|TAMS 0x0000000710400000| PB 0x0000000710400000| Complete |  0
| 104|0x0000000710600000, 0x0000000710800000, 0x0000000710800000|100%| E|CS|TAMS 0x0000000710600000| PB 0x0000000710600000| Complete |  0
| 105|0x0000000710800000, 0x0000000710a00000, 0x0000000710a00000|100%| E|CS|TAMS 0x0000000710800000| PB 0x0000000710800000| Complete |  0
| 106|0x0000000710a00000, 0x0000000710c00000, 0x0000000710c00000|100%| E|CS|TAMS 0x0000000710a00000| PB 0x0000000710a00000| Complete |  0
| 107|0x0000000710c00000, 0x0000000710e00000, 0x0000000710e00000|100%| E|CS|TAMS 0x0000000710c00000| PB 0x0000000710c00000| Complete |  0
| 108|0x0000000710e00000, 0x0000000711000000, 0x0000000711000000|100%| E|CS|TAMS 0x0000000710e00000| PB 0x0000000710e00000| Complete |  0
| 109|0x0000000711000000, 0x0000000711200000, 0x0000000711200000|100%| E|CS|TAMS 0x0000000711000000| PB 0x0000000711000000| Complete |  0
| 110|0x0000000711200000, 0x0000000711400000, 0x0000000711400000|100%| E|CS|TAMS 0x0000000711200000| PB 0x0000000711200000| Complete |  0
| 111|0x0000000711400000, 0x0000000711600000, 0x0000000711600000|100%| E|CS|TAMS 0x0000000711400000| PB 0x0000000711400000| Complete |  0
| 112|0x0000000711600000, 0x0000000711800000, 0x0000000711800000|100%| E|CS|TAMS 0x0000000711600000| PB 0x0000000711600000| Complete |  0
| 113|0x0000000711800000, 0x0000000711a00000, 0x0000000711a00000|100%| E|CS|TAMS 0x0000000711800000| PB 0x0000000711800000| Complete |  0
| 114|0x0000000711a00000, 0x0000000711c00000, 0x0000000711c00000|100%| E|CS|TAMS 0x0000000711a00000| PB 0x0000000711a00000| Complete |  0
| 115|0x0000000711c00000, 0x0000000711e00000, 0x0000000711e00000|100%| E|CS|TAMS 0x0000000711c00000| PB 0x0000000711c00000| Complete |  0
| 116|0x0000000711e00000, 0x0000000712000000, 0x0000000712000000|100%| E|CS|TAMS 0x0000000711e00000| PB 0x0000000711e00000| Complete |  0
| 117|0x0000000712000000, 0x0000000712200000, 0x0000000712200000|100%| E|CS|TAMS 0x0000000712000000| PB 0x0000000712000000| Complete |  0
| 118|0x0000000712200000, 0x0000000712400000, 0x0000000712400000|100%| E|CS|TAMS 0x0000000712200000| PB 0x0000000712200000| Complete |  0
| 119|0x0000000712400000, 0x0000000712600000, 0x0000000712600000|100%| E|CS|TAMS 0x0000000712400000| PB 0x0000000712400000| Complete |  0
| 120|0x0000000712600000, 0x0000000712800000, 0x0000000712800000|100%| E|CS|TAMS 0x0000000712600000| PB 0x0000000712600000| Complete |  0
| 121|0x0000000712800000, 0x0000000712a00000, 0x0000000712a00000|100%| E|CS|TAMS 0x0000000712800000| PB 0x0000000712800000| Complete |  0
| 122|0x0000000712a00000, 0x0000000712c00000, 0x0000000712c00000|100%| E|CS|TAMS 0x0000000712a00000| PB 0x0000000712a00000| Complete |  0
| 123|0x0000000712c00000, 0x0000000712e00000, 0x0000000712e00000|100%| E|CS|TAMS 0x0000000712c00000| PB 0x0000000712c00000| Complete |  0
| 124|0x0000000712e00000, 0x0000000713000000, 0x0000000713000000|100%| E|CS|TAMS 0x0000000712e00000| PB 0x0000000712e00000| Complete |  0
| 125|0x0000000713000000, 0x0000000713200000, 0x0000000713200000|100%| E|CS|TAMS 0x0000000713000000| PB 0x0000000713000000| Complete |  0
| 126|0x0000000713200000, 0x0000000713400000, 0x0000000713400000|100%| E|CS|TAMS 0x0000000713200000| PB 0x0000000713200000| Complete |  1
|2020|0x00000007ffe00000, 0x00000007fff256a0, 0x0000000800000000| 57%| O|  |TAMS 0x00000007ffe00000| PB 0x00000007ffe00000| Untracked |  0

Card table byte_map: [0x0000020ede310000,0x0000020edeb00000] _byte_map_base: 0x0000020edaaf5000

Marking Bits: (CMBitMap*) 0x0000020ec5fd76b0
 Bits: [0x0000020edeb00000, 0x0000020ee2a28000)

Polling page: 0x0000020ec4130000

Metaspace:
Metaspace        used 12580K, committed 12800K, reserved 1114112K
 class space     used 1087K, committed 1216K, reserved 1048576K

Usage:
  Non-class:     11.22 MB used.
      Class:      1.06 MB used.
       Both:     12.29 MB used.

Virtual space:
  Non-class space:       64.00 MB reserved,      11.31 MB ( 18%) committed,  1 nodes.
      Class space:        1.00 GB reserved,       1.19 MB ( <1%) committed,  1 nodes.
             Both:        1.06 GB reserved,      12.50 MB (  1%) committed. 

Chunk freelists:
   Non-Class:  4.47 MB
       Class:  14.74 MB
        Both:  19.22 MB

MaxMetaspaceSize: unlimited
CompressedClassSpaceSize: 1.00 GB
Initial GC threshold: 21.00 MB
Current GC threshold: 21.00 MB
CDS: on
 - commit_granule_bytes: 65536.
 - commit_granule_words: 8192.
 - virtual_space_node_default_size: 8388608.
 - enlarge_chunks_in_place: 1.
UseCompressedClassPointers 1, UseCompactObjectHeaders 0
Narrow klass pointer bits 32, Max shift 3
Narrow klass base: 0x0000000091000000, Narrow klass shift: 0
Encoding Range: [0x0000000091000000 - 0x0000000191000000), (4294967296 bytes)
Klass Range:    [0x0000000091010000 - 0x00000000d2000000), (1090453504 bytes)
Klass ID Range:  [65536 - 1090519033) (1090453497)
Protection zone: [0x0000000091000000 - 0x0000000091010000), (65536 bytes)


Internal statistics:

num_allocs_failed_limit: 0.
num_arena_births: 122.
num_arena_deaths: 0.
num_vsnodes_births: 2.
num_vsnodes_deaths: 0.
num_space_committed: 200.
num_space_uncommitted: 0.
num_chunks_returned_to_freelist: 0.
num_chunks_taken_from_freelist: 191.
num_chunk_merges: 0.
num_chunk_splits: 104.
num_chunks_enlarged: 46.
num_inconsistent_stats: 0.

CodeHeap 'non-profiled nmethods': size=120064Kb used=1805Kb max_used=1805Kb free=118258Kb
 bounds [0x0000020ed62b0000, 0x0000020ed6520000, 0x0000020edd7f0000]
CodeHeap 'profiled nmethods': size=120000Kb used=5820Kb max_used=5820Kb free=114179Kb
 bounds [0x0000020ece7f0000, 0x0000020eceda0000, 0x0000020ed5d20000]
CodeHeap 'non-nmethods': size=5696Kb used=1601Kb max_used=1728Kb free=4094Kb
 bounds [0x0000020ed5d20000, 0x0000020ed5f90000, 0x0000020ed62b0000]
CodeCache: size=245760Kb, used=9226Kb, max_used=9353Kb, free=236531Kb
 total_blobs=4464, nmethods=3728, adapters=638, full_count=0
Compilation: enabled, stopped_count=0, restarted_count=0

Compilation events (20 events):
Event: 1560.432 Thread 0x0000020ee54385f0 nmethod 3723 0x0000020ed6471588 code [0x0000020ed6471680, 0x0000020ed6471748]
Event: 1560.487 Thread 0x0000020ee54288d0 3724       4       java.util.concurrent.locks.AbstractQueuedSynchronizer$Node::getAndUnsetStatus (14 bytes)
Event: 1560.488 Thread 0x0000020ee54288d0 nmethod 3724 0x0000020ed6471888 code [0x0000020ed6471980, 0x0000020ed6471a38]
Event: 1562.052 Thread 0x0000020ee54288d0 3725       4       java.awt.Rectangle::getBounds (24 bytes)
Event: 1562.053 Thread 0x0000020ee54288d0 nmethod 3725 0x0000020ed6471b88 code [0x0000020ed6471c80, 0x0000020ed6471d88]
Event: 1562.485 Thread 0x0000020ee54288d0 3726  s    4       sun.awt.image.ToolkitImage::getWidth (31 bytes)
Event: 1562.487 Thread 0x0000020ee54288d0 nmethod 3726 0x0000020ed6471e88 code [0x0000020ed6471f80, 0x0000020ed6472360]
Event: 1562.859 Thread 0x0000020ee54288d0 3727       4       java.util.ImmutableCollections$MapN::get (35 bytes)
Event: 1562.864 Thread 0x0000020ee54288d0 nmethod 3727 0x0000020ed6472388 code [0x0000020ed6472480, 0x0000020ed6472808]
Event: 1563.422 Thread 0x0000020ee54288d0 3728       4       sun.java2d.SunGraphics2D::drawImage (11 bytes)
Event: 1563.423 Thread 0x0000020ee54288d0 nmethod 3728 0x0000020ed6472888 code [0x0000020ed6472980, 0x0000020ed6472a28]
Event: 1563.517 Thread 0x0000020ee54288d0 3729       4       javax.swing.ArrayTable::get (80 bytes)
Event: 1563.520 Thread 0x0000020ee54288d0 nmethod 3729 0x0000020ed6472b88 code [0x0000020ed6472c80, 0x0000020ed6472eb8]
Event: 1563.934 Thread 0x0000020ee54288d0 3730       4       sun.java2d.SunGraphics2D::cloneTransform (12 bytes)
Event: 1563.936 Thread 0x0000020ee54288d0 nmethod 3730 0x0000020ed6472f08 code [0x0000020ed6473000, 0x0000020ed6473178]
Event: 1563.936 Thread 0x0000020ee54288d0 3731       4       sun.java2d.SunGraphics2D::getRenderingHints (24 bytes)
Event: 1563.936 Thread 0x0000020ee54288d0 nmethod 3731 0x0000020ed6473208 code [0x0000020ed6473300, 0x0000020ed64733d0]
Event: 1564.044 Thread 0x0000020ee54288d0 3732       4       java.awt.MultipleGradientPaint::<init> (424 bytes)
Event: 1564.425 Thread 0x0000020ee54385f0 3734       3       sun.awt.AWTAccessor::getEventQueueAccessor (19 bytes)
Event: 1565.063 Thread 0x0000020ee54385f0 nmethod 3734 0x0000020eced9eb08 code [0x0000020eced9ec00, 0x0000020eced9f148]

GC Heap Usage History (2 events):
Event: 15.069 {heap Before GC invocations=0 (full 0):
 garbage-first heap   total reserved 4139008K, committed 262144K, used 58517K [0x0000000703600000, 0x0000000800000000)
  region size 2048K, 24 young (49152K), 0 survivors (0K)
}
Event: 15.077 {heap After GC invocations=1 (full 0):
 garbage-first heap   total reserved 4139008K, committed 262144K, used 14623K [0x0000000703600000, 0x0000000800000000)
  region size 2048K, 3 young (6144K), 3 survivors (6144K)
}

Metaspace Usage History (2 events):
Event: 15.069 {metaspace Before GC invocations=0 (full 0):
 Metaspace       used 12307K, committed 12544K, reserved 1114112K
  class space    used 1085K, committed 1216K, reserved 1048576K
}
Event: 15.077 {metaspace After GC invocations=1 (full 0):
 Metaspace       used 12307K, committed 12544K, reserved 1114112K
  class space    used 1085K, committed 1216K, reserved 1048576K
}

Dll operation events (8 events):
Event: 0.019 Loaded shared library C:\Program Files\Java\jdk-25\bin\java.dll
Event: 0.117 Loaded shared library C:\Program Files\Java\jdk-25\bin\net.dll
Event: 0.121 Loaded shared library C:\Program Files\Java\jdk-25\bin\nio.dll
Event: 0.183 Loaded shared library C:\Program Files\Java\jdk-25\bin\jimage.dll
Event: 0.206 Loaded shared library C:\Program Files\Java\jdk-25\bin\awt.dll
Event: 0.591 Loaded shared library C:\Program Files\Java\jdk-25\bin\freetype.dll
Event: 0.593 Loaded shared library C:\Program Files\Java\jdk-25\bin\fontmanager.dll
Event: 0.701 Loaded shared library C:\Program Files\Java\jdk-25\bin\zip.dll

Deoptimization events (20 events):
Event: 1224.626 Thread 0x0000020eea024b50 DEOPT PACKING pc=0x0000020ed63fd190 sp=0x0000009e8edfd510
Event: 1224.626 Thread 0x0000020eea024b50 DEOPT UNPACKING pc=0x0000020ed5e3fc02 sp=0x0000009e8edfd488 mode 2
Event: 1224.627 Thread 0x0000020eea024b50 Uncommon trap: trap_request=0xffffffde fr.pc=0x0000020ed63fd190 relative=0x0000000000000110
Event: 1224.627 Thread 0x0000020eea024b50 Uncommon trap: reason=class_check action=maybe_recompile pc=0x0000020ed63fd190 method=jdk.internal.misc.Unsafe.allocateUninitializedArray(Ljava/lang/Class;I)Ljava/lang/Object; @ 51 c2
Event: 1224.627 Thread 0x0000020eea024b50 DEOPT PACKING pc=0x0000020ed63fd190 sp=0x0000009e8edfd4e0
Event: 1224.627 Thread 0x0000020eea024b50 DEOPT UNPACKING pc=0x0000020ed5e3fc02 sp=0x0000009e8edfd458 mode 2
Event: 1224.627 Thread 0x0000020eea024b50 Uncommon trap: trap_request=0xffffffde fr.pc=0x0000020ed63fd190 relative=0x0000000000000110
Event: 1224.627 Thread 0x0000020eea024b50 Uncommon trap: reason=class_check action=maybe_recompile pc=0x0000020ed63fd190 method=jdk.internal.misc.Unsafe.allocateUninitializedArray(Ljava/lang/Class;I)Ljava/lang/Object; @ 51 c2
Event: 1224.627 Thread 0x0000020eea024b50 DEOPT PACKING pc=0x0000020ed63fd190 sp=0x0000009e8edfd240
Event: 1224.627 Thread 0x0000020eea024b50 DEOPT UNPACKING pc=0x0000020ed5e3fc02 sp=0x0000009e8edfd1b8 mode 2
Event: 1224.627 Thread 0x0000020eea024b50 Uncommon trap: trap_request=0xffffffde fr.pc=0x0000020ed63fd190 relative=0x0000000000000110
Event: 1224.627 Thread 0x0000020eea024b50 Uncommon trap: reason=class_check action=maybe_recompile pc=0x0000020ed63fd190 method=jdk.internal.misc.Unsafe.allocateUninitializedArray(Ljava/lang/Class;I)Ljava/lang/Object; @ 51 c2
Event: 1224.627 Thread 0x0000020eea024b50 DEOPT PACKING pc=0x0000020ed63fd190 sp=0x0000009e8edfd240
Event: 1224.627 Thread 0x0000020eea024b50 DEOPT UNPACKING pc=0x0000020ed5e3fc02 sp=0x0000009e8edfd1b8 mode 2
Event: 1237.256 Thread 0x0000020eea024b50 DEOPT PACKING pc=0x0000020ecec5bc48 sp=0x0000009e8edfe2f0
Event: 1237.256 Thread 0x0000020eea024b50 DEOPT UNPACKING pc=0x0000020ed5d71702 sp=0x0000009e8edfd8b0 mode 0
Event: 1529.593 Thread 0x0000020eea024b50 DEOPT PACKING pc=0x0000020ecec44492 sp=0x0000009e8edfd8d0
Event: 1529.593 Thread 0x0000020eea024b50 DEOPT UNPACKING pc=0x0000020ed5d71702 sp=0x0000009e8edfcd90 mode 0
Event: 1544.858 Thread 0x0000020eea024b50 DEOPT PACKING pc=0x0000020ecec6ed2f sp=0x0000009e8edff340
Event: 1544.859 Thread 0x0000020eea024b50 DEOPT UNPACKING pc=0x0000020ed5d71702 sp=0x0000009e8edfe7d0 mode 0

Classes loaded (20 events):
Event: 2.209 Loading class javax/swing/KeyboardManager$ComponentKeyStrokePair
Event: 2.210 Loading class javax/swing/KeyboardManager$ComponentKeyStrokePair done
Event: 2.366 Loading class java/time/zone/ZoneRulesProvider
Event: 2.367 Loading class java/time/zone/ZoneRulesProvider done
Event: 2.367 Loading class java/time/zone/TzdbZoneRulesProvider
Event: 2.367 Loading class java/time/zone/TzdbZoneRulesProvider done
Event: 2.374 Loading class java/time/zone/Ser
Event: 2.375 Loading class java/time/zone/Ser done
Event: 2.376 Loading class java/time/zone/ZoneOffsetTransition
Event: 2.376 Loading class java/time/zone/ZoneOffsetTransition done
Event: 2.376 Loading class java/time/Year
Event: 2.377 Loading class java/time/Year done
Event: 16.496 Loading class java/awt/desktop/SystemSleepListener
Event: 16.496 Loading class java/awt/desktop/SystemEventListener
Event: 16.496 Loading class java/awt/desktop/SystemEventListener done
Event: 16.496 Loading class java/awt/desktop/SystemSleepListener done
Event: 1530.584 Loading class jdk/internal/foreign/MemorySessionImpl$ResourceList
Event: 1530.585 Loading class jdk/internal/foreign/MemorySessionImpl$ResourceList done
Event: 1539.337 Loading class java/awt/Polygon
Event: 1539.337 Loading class java/awt/Polygon done

Classes unloaded (0 events):
No events

Classes redefined (0 events):
No events

Internal exceptions (20 events):
Event: 0.503 Thread 0x0000020eea024b50 Exception <a 'java/lang/ClassNotFoundException'{0x0000000712876428}: com/sun/swing/internal/plaf/metal/resources/spi/metalProvider> (0x0000000712876428) 
thrown [s\open\src\hotspot\share\classfile\systemDictionary.cpp, line 327]
Event: 0.505 Thread 0x0000020eea024b50 Exception <a 'java/lang/ClassNotFoundException'{0x000000071287a148}: com/sun/swing/internal/plaf/basic/resources/spi/basicProvider> (0x000000071287a148) 
thrown [s\open\src\hotspot\share\classfile\systemDictionary.cpp, line 327]
Event: 0.528 Thread 0x0000020eea024b50 Exception <a 'java/lang/NoSuchMethodError'{0x00000007128a8028}: 'int java.lang.invoke.Invokers$Holder.invokeExact_MT(java.lang.Object, java.lang.Object)'> (0x00000007128a8028) 
thrown [s\open\src\hotspot\share\interpreter\linkResolver.cpp, line 804]
Event: 0.539 Thread 0x0000020eea024b50 Exception <a 'java/lang/NoSuchMethodError'{0x00000007128ba550}: 'void java.lang.invoke.DirectMethodHandle$Holder.invokeStaticInit(java.lang.Object)'> (0x00000007128ba550) 
thrown [s\open\src\hotspot\share\interpreter\linkResolver.cpp, line 804]
Event: 0.569 Thread 0x0000020eea024b50 Exception <a 'java/lang/ClassNotFoundException'{0x00000007129b87a0}: com/sun/java/swing/plaf/windows/resources/spi/windowsProvider> (0x00000007129b87a0) 
thrown [s\open\src\hotspot\share\classfile\systemDictionary.cpp, line 327]
Event: 0.577 Thread 0x0000020eea024b50 Exception <a 'java/lang/NoSuchMethodError'{0x00000007129c6c38}: 'java.lang.Object java.lang.invoke.DirectMethodHandle$Holder.invokeStatic(java.lang.Object, java.lang.Object, int, java.lang.Object)'> (0x00000007129c6c38) 
thrown [s\open\src\hotspot\share\interpreter\linkResolver.cpp, line 804]
Event: 0.578 Thread 0x0000020eea024b50 Exception <a 'java/lang/NoSuchMethodError'{0x00000007129d6728}: 'java.lang.Object java.lang.invoke.DirectMethodHandle$Holder.newInvokeSpecial(java.lang.Object, java.lang.Object, int)'> (0x00000007129d6728) 
thrown [s\open\src\hotspot\share\interpreter\linkResolver.cpp, line 804]
Event: 0.608 Thread 0x0000020eea024b50 Exception <a 'java/lang/NoSuchMethodError'{0x0000000712620fe8}: 'long java.lang.invoke.DirectMethodHandle$Holder.invokeStaticInit(java.lang.Object, long, long, long, long)'> (0x0000000712620fe8) 
thrown [s\open\src\hotspot\share\interpreter\linkResolver.cpp, line 804]
Event: 0.609 Thread 0x0000020eea024b50 Exception <a 'java/lang/NoSuchMethodError'{0x0000000712629a48}: 'java.lang.Object java.lang.invoke.DirectMethodHandle$Holder.invokeInterface(java.lang.Object, java.lang.Object, long, long)'> (0x0000000712629a48) 
thrown [s\open\src\hotspot\share\interpreter\linkResolver.cpp, line 804]
Event: 0.610 Thread 0x0000020eea024b50 Exception <a 'java/lang/NoSuchMethodError'{0x00000007126423f0}: 'void java.lang.invoke.DirectMethodHandle$Holder.invokeStaticInit(java.lang.Object, java.lang.Object, long, java.lang.Object)'> (0x00000007126423f0) 
thrown [s\open\src\hotspot\share\interpreter\linkResolver.cpp, line 804]
Event: 0.611 Thread 0x0000020eea024b50 Exception <a 'java/lang/NoSuchMethodError'{0x000000071264b028}: 'long java.lang.invoke.DirectMethodHandle$Holder.invokeStatic(java.lang.Object, long, long)'> (0x000000071264b028) 
thrown [s\open\src\hotspot\share\interpreter\linkResolver.cpp, line 804]
Event: 0.615 Thread 0x0000020eea024b50 Exception <a 'java/lang/NoSuchMethodError'{0x000000071266d580}: 'java.lang.Object java.lang.invoke.DirectMethodHandle$Holder.newInvokeSpecial(java.lang.Object, int, java.lang.Object)'> (0x000000071266d580) 
thrown [s\open\src\hotspot\share\interpreter\linkResolver.cpp, line 804]
Event: 1.035 Thread 0x0000020eea024b50 Exception <a 'java/lang/NoSuchMethodError'{0x00000007121b3630}: 'void java.lang.invoke.DelegatingMethodHandle$Holder.reinvoke_L(java.lang.Object, java.lang.Object, java.lang.Object, long, float)'> (0x00000007121b3630) 
thrown [s\open\src\hotspot\share\interpreter\linkResolver.cpp, line 804]
Event: 1.041 Thread 0x0000020eea024b50 Exception <a 'java/lang/NoSuchMethodError'{0x00000007121cbb40}: 'java.lang.Object java.lang.invoke.DirectMethodHandle$Holder.invokeStatic(java.lang.Object, java.lang.Object, java.lang.Object, java.lang.Object, long)'> (0x00000007121cbb40) 
thrown [s\open\src\hotspot\share\interpreter\linkResolver.cpp, line 804]
Event: 1.045 Thread 0x0000020eea024b50 Exception <a 'java/lang/NoSuchMethodError'{0x00000007121ee188}: 'float java.lang.invoke.DelegatingMethodHandle$Holder.reinvoke_L(java.lang.Object, java.lang.Object, java.lang.Object, long)'> (0x00000007121ee188) 
thrown [s\open\src\hotspot\share\interpreter\linkResolver.cpp, line 804]
Event: 1.299 Thread 0x0000020ee5634d70 Exception <a 'java/lang/NoSuchMethodError'{0x0000000712f09c08}: 'void java.lang.invoke.DirectMethodHandle$Holder.invokeVirtual(java.lang.Object, java.lang.Object)'> (0x0000000712f09c08) 
thrown [s\open\src\hotspot\share\interpreter\linkResolver.cpp, line 804]
Event: 1.472 Thread 0x0000020eea024b50 Exception <a 'java/lang/NoSuchMethodError'{0x0000000711c530c0}: 'int java.lang.invoke.DelegatingMethodHandle$Holder.reinvoke_L(java.lang.Object, java.lang.Object, java.lang.Object, long)'> (0x0000000711c530c0) 
thrown [s\open\src\hotspot\share\interpreter\linkResolver.cpp, line 804]
Event: 1.895 Thread 0x0000020eea024b50 Exception <a 'java/lang/NoSuchMethodError'{0x0000000711dfb090}: 'long java.lang.invoke.DelegatingMethodHandle$Holder.reinvoke_L(java.lang.Object, java.lang.Object, java.lang.Object, long)'> (0x0000000711dfb090) 
thrown [s\open\src\hotspot\share\interpreter\linkResolver.cpp, line 804]
Event: 1.900 Thread 0x0000020eea024b50 Exception <a 'java/lang/NoSuchMethodError'{0x0000000711a22038}: 'java.lang.Object java.lang.invoke.DirectMethodHandle$Holder.invokeStatic(java.lang.Object, java.lang.Object, java.lang.Object, java.lang.Object, java.lang.Object, long)'> (0x0000000711a22038) 
thrown [s\open\src\hotspot\share\interpreter\linkResolver.cpp, line 804]
Event: 1.960 Thread 0x0000020eea024b50 Implicit null exception at 0x0000020ed633382c to 0x0000020ed6336824

VM Operations (20 events):
Event: 1.688 Executing non-safepoint VM operation: HandshakeAllThreads (Deoptimize)
Event: 1.688 Executing non-safepoint VM operation: HandshakeAllThreads (Deoptimize) done
Event: 1.906 Executing non-safepoint VM operation: HandshakeAllThreads (Deoptimize)
Event: 1.906 Executing non-safepoint VM operation: HandshakeAllThreads (Deoptimize) done
Event: 1.907 Executing non-safepoint VM operation: HandshakeAllThreads (Deoptimize)
Event: 1.907 Executing non-safepoint VM operation: HandshakeAllThreads (Deoptimize) done
Event: 2.001 Executing non-safepoint VM operation: HandshakeAllThreads (Deoptimize)
Event: 2.001 Executing non-safepoint VM operation: HandshakeAllThreads (Deoptimize) done
Event: 2.208 Executing non-safepoint VM operation: HandshakeAllThreads (Deoptimize)
Event: 2.208 Executing non-safepoint VM operation: HandshakeAllThreads (Deoptimize) done
Event: 15.069 Executing safepoint VM operation: G1CollectForAllocation (G1 Evacuation Pause)
Event: 15.077 Executing safepoint VM operation: G1CollectForAllocation (G1 Evacuation Pause) done
Event: 1221.159 Executing non-safepoint VM operation: HandshakeAllThreads (HandshakeForDeflation)
Event: 1221.159 Executing non-safepoint VM operation: HandshakeAllThreads (HandshakeForDeflation) done
Event: 1221.159 Executing non-safepoint VM operation: RendezvousGCThreads
Event: 1221.159 Executing non-safepoint VM operation: RendezvousGCThreads done
Event: 1517.163 Executing non-safepoint VM operation: HandshakeAllThreads (HandshakeForDeflation)
Event: 1517.163 Executing non-safepoint VM operation: HandshakeAllThreads (HandshakeForDeflation) done
Event: 1517.163 Executing non-safepoint VM operation: RendezvousGCThreads
Event: 1517.163 Executing non-safepoint VM operation: RendezvousGCThreads done

Memory protections (0 events):
No events

Nmethod flushes (0 events):
No events

Events (20 events):
Event: 0.148 Thread 0x0000020ec3b60fe0 Thread added: 0x0000020ee55d3880
Event: 0.294 Thread 0x0000020ec3b60fe0 Thread added: 0x0000020ee58a83f0
Event: 0.295 Thread 0x0000020ec3b60fe0 Thread added: 0x0000020ee56345b0
Event: 0.296 Thread 0x0000020ec3b60fe0 Thread added: 0x0000020ee5634d70
Event: 0.341 Thread 0x0000020ec3b60fe0 Thread added: 0x0000020eea024b50
Event: 0.342 Thread 0x0000020ec3b60fe0 Thread exited: 0x0000020ec3b60fe0
Event: 0.342 Thread 0x0000020ec3b60fe0 Thread added: 0x0000020ec3b60fe0
Event: 0.659 Thread 0x0000020eea024b50 Thread added: 0x0000020eea447eb0
Event: 0.675 Thread 0x0000020eea024b50 Thread added: 0x0000020eea42b210
Event: 0.788 Thread 0x0000020ee54385f0 Thread added: 0x0000020eea51c1e0
Event: 0.795 Thread 0x0000020eea024b50 Thread added: 0x0000020eea52e9e0
Event: 0.961 Thread 0x0000020ee54385f0 Thread added: 0x0000020eeb072730
Event: 1.574 Thread 0x0000020eea51c1e0 Thread exited: 0x0000020eea51c1e0
Event: 1.574 Thread 0x0000020eeb072730 Thread exited: 0x0000020eeb072730
Event: 1.689 Thread 0x0000020ee54385f0 Thread added: 0x0000020eeb1a3200
Event: 1.886 Thread 0x0000020ee54385f0 Thread added: 0x0000020eea6d9450
Event: 3.004 Thread 0x0000020eea6d9450 Thread exited: 0x0000020eea6d9450
Event: 3.238 Thread 0x0000020eeb1a3200 Thread exited: 0x0000020eeb1a3200
Event: 6.260 Thread 0x0000020eea52e9e0 Thread exited: 0x0000020eea52e9e0
Event: 6.265 Thread 0x0000020eea42b210 Thread exited: 0x0000020eea42b210


Dynamic libraries:
0x00007ff664880000 - 0x00007ff664890000 	C:\Program Files\Java\jdk-25\bin\java.exe
0x00007ffde3dc0000 - 0x00007ffde4028000 	C:\WINDOWS\SYSTEM32\ntdll.dll
0x00007ffde3040000 - 0x00007ffde3109000 	C:\WINDOWS\System32\KERNEL32.DLL
0x00007ffde16d0000 - 0x00007ffde1ac8000 	C:\WINDOWS\System32\KERNELBASE.dll
0x00007ffde1080000 - 0x00007ffde11cb000 	C:\WINDOWS\System32\ucrtbase.dll
0x00007ffdc5970000 - 0x00007ffdc598e000 	C:\Program Files\Java\jdk-25\bin\VCRUNTIME140.dll
0x00007ffdcc890000 - 0x00007ffdcc8a7000 	C:\Program Files\Java\jdk-25\bin\jli.dll
0x00007ffde21e0000 - 0x00007ffde23a7000 	C:\WINDOWS\System32\USER32.dll
0x00007ffde1400000 - 0x00007ffde1427000 	C:\WINDOWS\System32\win32u.dll
0x00007ffdc7160000 - 0x00007ffdc73f4000 	C:\WINDOWS\WinSxS\amd64_microsoft.windows.common-controls_6595b64144ccf1df_6.0.26100.7019_none_3e06ffa0e335b8a8\COMCTL32.dll
0x00007ffde3ce0000 - 0x00007ffde3d0b000 	C:\WINDOWS\System32\GDI32.dll
0x00007ffde2a30000 - 0x00007ffde2ad9000 	C:\WINDOWS\System32\msvcrt.dll
0x00007ffde15a0000 - 0x00007ffde16cc000 	C:\WINDOWS\System32\gdi32full.dll
0x00007ffde14f0000 - 0x00007ffde1593000 	C:\WINDOWS\System32\msvcp_win.dll
0x00007ffde2c30000 - 0x00007ffde2c61000 	C:\WINDOWS\System32\IMM32.DLL
0x00007ffddbd00000 - 0x00007ffddbd0c000 	C:\Program Files\Java\jdk-25\bin\vcruntime140_1.dll
0x00007ffdc4660000 - 0x00007ffdc46ed000 	C:\Program Files\Java\jdk-25\bin\msvcp140.dll
0x00007ffcd7a40000 - 0x00007ffcd889f000 	C:\Program Files\Java\jdk-25\bin\server\jvm.dll
0x00007ffde1fa0000 - 0x00007ffde2054000 	C:\WINDOWS\System32\ADVAPI32.dll
0x00007ffde1b60000 - 0x00007ffde1c06000 	C:\WINDOWS\System32\sechost.dll
0x00007ffde2f10000 - 0x00007ffde3028000 	C:\WINDOWS\System32\RPCRT4.dll
0x00007ffde2060000 - 0x00007ffde20d4000 	C:\WINDOWS\System32\WS2_32.dll
0x00007ffde0d90000 - 0x00007ffde0dee000 	C:\WINDOWS\SYSTEM32\POWRPROF.dll
0x00007ffdd9cf0000 - 0x00007ffdd9cfb000 	C:\WINDOWS\SYSTEM32\VERSION.dll
0x00007ffdca570000 - 0x00007ffdca5a5000 	C:\WINDOWS\SYSTEM32\WINMM.dll
0x00007ffde0d70000 - 0x00007ffde0d84000 	C:\WINDOWS\SYSTEM32\UMPDC.dll
0x00007ffddfc90000 - 0x00007ffddfcab000 	C:\WINDOWS\SYSTEM32\kernel.appcore.dll
0x00007ffdcc860000 - 0x00007ffdcc86a000 	C:\Program Files\Java\jdk-25\bin\jimage.dll
0x00007ffdddf20000 - 0x00007ffdde162000 	C:\WINDOWS\SYSTEM32\DBGHELP.DLL
0x00007ffde1c10000 - 0x00007ffde1f9b000 	C:\WINDOWS\System32\combase.dll
0x00007ffde31a0000 - 0x00007ffde3277000 	C:\WINDOWS\System32\OLEAUT32.dll
0x00007ffdbbd30000 - 0x00007ffdbbd6c000 	C:\WINDOWS\SYSTEM32\dbgcore.DLL
0x00007ffde1350000 - 0x00007ffde13f5000 	C:\WINDOWS\System32\bcryptPrimitives.dll
0x00007ffdc5100000 - 0x00007ffdc511f000 	C:\Program Files\Java\jdk-25\bin\java.dll
0x00007ffde2840000 - 0x00007ffde29d7000 	C:\WINDOWS\System32\ole32.dll
0x00007ffde3500000 - 0x00007ffde3c4f000 	C:\WINDOWS\System32\SHELL32.dll
0x00007ffde0f10000 - 0x00007ffde107b000 	C:\WINDOWS\System32\wintypes.dll
0x00007ffddeb10000 - 0x00007ffddf36d000 	C:\WINDOWS\SYSTEM32\windows.storage.dll
0x00007ffde20e0000 - 0x00007ffde21d2000 	C:\WINDOWS\System32\SHCORE.dll
0x00007ffde3d10000 - 0x00007ffde3d77000 	C:\WINDOWS\System32\shlwapi.dll
0x00007ffde0e30000 - 0x00007ffde0e59000 	C:\WINDOWS\SYSTEM32\profapi.dll
0x00007ffdc50e0000 - 0x00007ffdc50f2000 	C:\Program Files\Java\jdk-25\bin\net.dll
0x00007ffde01e0000 - 0x00007ffde024b000 	C:\WINDOWS\system32\mswsock.dll
0x00007ffdc4eb0000 - 0x00007ffdc4ec6000 	C:\Program Files\Java\jdk-25\bin\nio.dll
0x00007ffd612a0000 - 0x00007ffd61424000 	C:\Program Files\Java\jdk-25\bin\awt.dll
0x00007ffdddae0000 - 0x00007ffdddb7f000 	C:\WINDOWS\SYSTEM32\apphelp.dll
0x00007ffdddce0000 - 0x00007ffdddd8a000 	C:\WINDOWS\system32\uxtheme.dll
0x00007ffde3380000 - 0x00007ffde34de000 	C:\WINDOWS\System32\MSCTF.dll
0x00007ffdde2d0000 - 0x00007ffdde300000 	C:\WINDOWS\system32\DWMAPI.DLL
0x00007ffda6760000 - 0x00007ffda686c000 	C:\WINDOWS\system32\opengl32.dll
0x00007ffda6730000 - 0x00007ffda675d000 	C:\WINDOWS\SYSTEM32\GLU32.dll
0x00007ffddded0000 - 0x00007ffdddf13000 	C:\WINDOWS\SYSTEM32\dxcore.dll
0x00007ffdc07b0000 - 0x00007ffdc0837000 	C:\Program Files\Java\jdk-25\bin\freetype.dll
0x00007ffda0a60000 - 0x00007ffda0b4e000 	C:\Program Files\Java\jdk-25\bin\fontmanager.dll
0x00007ffdc4e90000 - 0x00007ffdc4ea7000 	C:\Program Files\Java\jdk-25\bin\zip.dll
0x00007ffde2e50000 - 0x00007ffde2f00000 	C:\WINDOWS\System32\clbcatq.dll
0x00007ffddc220000 - 0x00007ffddc450000 	C:\WINDOWS\SYSTEM32\WindowsCodecs.dll
0x00007ffdaeb70000 - 0x00007ffdaebca000 	C:\WINDOWS\system32\dataexchange.dll
0x00007ffdd4560000 - 0x00007ffdd47a4000 	C:\WINDOWS\system32\twinapi.appcore.dll
0x00007ffdc7800000 - 0x00007ffdc7947000 	C:\WINDOWS\SYSTEM32\textinputframework.dll
0x00007ffdb6f30000 - 0x00007ffdb6fa9000 	C:\WINDOWS\system32\Oleacc.dll
0x00007ffddd6b0000 - 0x00007ffddd7d7000 	C:\WINDOWS\SYSTEM32\CoreMessaging.dll
0x00007ffdd9630000 - 0x00007ffdd9912000 	C:\WINDOWS\SYSTEM32\CoreUIComponents.dll
0x00007ffde0430000 - 0x00007ffde043c000 	C:\WINDOWS\SYSTEM32\CRYPTBASE.DLL

JVMTI agents: none

dbghelp: loaded successfully - version: 4.0.5 - missing functions: none
symbol engine: initialized successfully - sym options: 0x614 - pdb path: .;C:\Program Files\Java\jdk-25\bin;C:\WINDOWS\SYSTEM32;C:\WINDOWS\WinSxS\amd64_microsoft.windows.common-controls_6595b64144ccf1df_6.0.26100.7019_none_3e06ffa0e335b8a8;C:\Program Files\Java\jdk-25\bin\server

VM Arguments:
jvm_args: -Dfile.encoding=UTF-8 --module-path=C:\Users\ASJAD\OneDrive - National University of Sciences & Technology (1)\Documents\NetBeansProjects\AirSys\build\classes 
java_command: aerosys.gui.AeroSysLoginUI
java_class_path (initial): C:\Users\ASJAD\OneDrive - National University of Sciences & Technology (1)\Documents\NetBeansProjects\AirSys\build\classes
Launcher Type: SUN_STANDARD

[Global flags]
     intx CICompilerCount                          = 4                                         {product} {ergonomic}
     uint ConcGCThreads                            = 2                                         {product} {ergonomic}
     uint G1ConcRefinementThreads                  = 8                                         {product} {ergonomic}
   size_t G1HeapRegionSize                         = 2097152                                   {product} {ergonomic}
   size_t InitialHeapSize                          = 266338304                                 {product} {ergonomic}
   size_t MarkStackSize                            = 4194304                                   {product} {ergonomic}
   size_t MarkStackSizeMax                         = 536870912                                 {product} {ergonomic}
   size_t MaxHeapSize                              = 4238344192                                {product} {ergonomic}
   size_t MaxNewSize                               = 2541748224                                {product} {ergonomic}
   size_t MinHeapDeltaBytes                        = 2097152                                   {product} {ergonomic}
   size_t MinHeapSize                              = 8388608                                   {product} {ergonomic}
    uintx NonNMethodCodeHeapSize                   = 5832704                                {pd product} {ergonomic}
    uintx NonProfiledCodeHeapSize                  = 122945536                              {pd product} {ergonomic}
    uintx ProfiledCodeHeapSize                     = 122880000                              {pd product} {ergonomic}
    uintx ReservedCodeCacheSize                    = 251658240                              {pd product} {ergonomic}
     bool SegmentedCodeCache                       = true                                      {product} {ergonomic}
   size_t SoftMaxHeapSize                          = 4238344192                             {manageable} {ergonomic}
     bool UseCompressedOops                        = true                           {product lp64_product} {ergonomic}
     bool UseG1GC                                  = true                                      {product} {ergonomic}
     bool UseLargePagesIndividualAllocation        = false                                  {pd product} {ergonomic}

Logging:
Log output configuration:
 #0: stdout all=warning uptime,level,tags foldmultilines=false
 #1: stderr all=off uptime,level,tags foldmultilines=false

Release file:
IMPLEMENTOR="Oracle Corporation" 
JAVA_RUNTIME_VERSION="25.0.1+8-LTS-27" 
JAVA_VERSION="25.0.1" 
JAVA_VERSION_DATE="2025-10-21" 
LIBC="default" 
MODULES="java.base java.compiler java.datatransfer java.xml java.prefs java.desktop java.instrument java.logging java.management java.security.sasl java.naming java.rmi java.management.rmi java.net.http java.scripting java.security.jgss java.transaction.xa java.sql java.sql.rowset java.xml.crypto java.se java.smartcardio jdk.accessibility jdk.internal.jvmstat jdk.attach jdk.charsets jdk.internal.opt jdk.zipfs jdk.compiler jdk.crypto.cryptoki jdk.crypto.ec jdk.crypto.mscapi jdk.dynalink jdk.internal.ed jdk.editpad jdk.internal.vm.ci jdk.graal.compiler jdk.graal.compiler.management jdk.hotspot.agent jdk.httpserver jdk.incubator.vector jdk.internal.le jdk.internal.md jdk.jartool jdk.javadoc jdk.jcmd jdk.management jdk.management.agent jdk.jconsole jdk.jdeps jdk.jdwp.agent jdk.jdi jdk.jfr jdk.jlink jdk.jpackage jdk.jshell jdk.jsobject jdk.jstatd jdk.localedata jdk.management.jfr jdk.naming.dns jdk.naming.rmi jdk.net jdk.nio.mapmode jdk.sctp jdk.security.auth jdk.security.jgss jdk.unsupported jdk.unsupported.desktop jdk.xml.dom" 
OS_ARCH="x86_64" 
OS_NAME="Windows" 
SOURCE=".:git:862c85bc42b7 open:git:78770bfaefd2" 

Environment Variables:
JAVA_HOME=C:\Program Files\Java\jdk-25
PATH=C:\Program Files\Common Files\Oracle\Java\javapath;C:\Program Files (x86)\VMware\VMware Workstation\bin\;C:\Users\ASJAD\AppData\Local\Programs\Python\Python313\Scripts\;C:\Users\ASJAD\AppData\Local\Programs\Python\Python313\;C:\Program Files\Microsoft MPI\Bin\;C:\WINDOWS\system32;C:\WINDOWS;C:\WINDOWS\System32\Wbem;C:\WINDOWS\System32\WindowsPowerShell\v1.0\;C:\WINDOWS\System32\OpenSSH\;C:\MinGW\bin;C:\Program Files (x86)\Dev-Cpp\MinGW64\bin;C:\MinGW\bin;D:\Program Files (x86)\Microsoft SQL Server\170\Tools\Binn\;D:\Program Files\Microsoft SQL Server\170\Tools\Binn\;D:\Program Files\Microsoft SQL Server\Client SDK\ODBC\180\Tools\Binn\;D:\Program Files\Microsoft SQL Server\170\DTS\Binn\;D:\Program Files (x86)\Microsoft SQL Server\170\DTS\Binn\;C:\Program Files\nodejs\;C:\ProgramData\chocolatey\bin;M:\ffmpeg-7.1.1-essentials_build\ffmpeg-7.1.1-essentials_build\bin;C:\Program Files\Git\cmd;C:\Program Files\Java\jdk-25.bin;D:\Matlab\R2025b\runtime\win64;C:\Users\ASJAD\AppData\Local\Programs\Python\Launcher\;C:\Users\ASJAD\AppData\Local\Microsoft\WindowsApps;C:\Users\ASJAD\AppData\Local\Programs\Microsoft VS Code\bin;C:\Program Files (x86)\Jar2Exe Wizard\;C:\Users\ASJAD\AppData\Local\GitHubDesktop\bin;C:\Users\ASJAD\AppData\Roaming\npm
USERNAME=ASJAD
OS=Windows_NT
PROCESSOR_IDENTIFIER=Intel64 Family 6 Model 142 Stepping 12, GenuineIntel
TMP=C:\Users\ASJAD\AppData\Local\Temp
TEMP=C:\Users\ASJAD\AppData\Local\Temp




Compilation memory statistics disabled.

Periodic native trim disabled

---------------  S Y S T E M  ---------------

OS:
 Windows 11 , 64 bit Build 26100 (10.0.26100.7019)
OS uptime: 2 days 0:19 hours
Hyper-V role detected

CPU: total 8 (initial active 8) (4 cores per cpu, 2 threads per core) family 6 model 142 stepping 12 microcode 0x100, cx8, cmov, fxsr, ht, mmx, 3dnowpref, sse, sse2, sse3, ssse3, sse4.1, sse4.2, popcnt, lzcnt, tsc, tscinvbit, avx, avx2, aes, erms, clmul, bmi1, bmi2, adx, fma, vzeroupper, clflush, clflushopt, hv, rdtscp, f16c
Processor Information for the first 8 processors :
  Max Mhz: 2112, Current Mhz: 1910, Mhz Limit: 1900

Memory: 4k page, system-wide physical 16165M (3178M free)
TotalPageFile size 26337M (AvailPageFile size 4M)
current process WorkingSet (physical memory assigned to process): 190M, peak: 201M
current process commit charge ("private bytes"): 380M, peak: 439M

vm_info: Java HotSpot(TM) 64-Bit Server VM (25.0.1+8-LTS-27) for windows-amd64 JRE (25.0.1+8-LTS-27), built on 2025-09-25T16:41:16Z with unknown MS VC++:1943

END.
